# JRE version: Java(TM) SE Runtime Environment (8.0_73-b02) (build 1.8.0_73-b02)
# Java VM: Java HotSpot(TM) 64-Bit Server VM (25.73-b02 mixed mode windows-amd64 compressed oops)
Heap:
 par new generation   total 314560K, used 85959K [0x00000000c0000000, 0x00000000d5550000, 0x00000000d5550000)
  eden space 279616K,  18% used [0x00000000c0000000, 0x00000000c31d1eb8, 0x00000000d1110000)
  from space 34944K, 100% used [0x00000000d3330000, 0x00000000d5550000, 0x00000000d5550000)
  to   space 34944K,   0% used [0x00000000d1110000, 0x00000000d1110000, 0x00000000d3330000)
 concurrent mark-sweep generation total 699072K, used 143793K [0x00000000d5550000, 0x0000000100000000, 0x0000000100000000)
 Metaspace       used 27578K, capacity 27831K, committed 28288K, reserved 1073152K
  class space    used 3522K, capacity 3604K, committed 3712K, reserved 1048576K
GC Heap History (10 events):
Event: 2.722 GC heap before
{Heap before GC invocations=1 (full 2):
 par new generation   total 314560K, used 279616K [0x00000000c0000000, 0x00000000d5550000, 0x00000000d5550000)
  eden space 279616K, 100% used [0x00000000c0000000, 0x00000000d1110000, 0x00000000d1110000)
  from space 34944K,   0% used [0x00000000d1110000, 0x00000000d1110000, 0x00000000d3330000)
  to   space 34944K,   0% used [0x00000000d3330000, 0x00000000d3330000, 0x00000000d5550000)
 concurrent mark-sweep generation total 699072K, used 5342K [0x00000000d5550000, 0x0000000100000000, 0x0000000100000000)
 Metaspace       used 17768K, capacity 18030K, committed 18432K, reserved 1064960K
  class space    used 2159K, capacity 2249K, committed 2304K, reserved 1048576K
Event: 2.731 GC heap after
Heap after GC invocations=2 (full 2):
 par new generation   total 314560K, used 23836K [0x00000000c0000000, 0x00000000d5550000, 0x00000000d5550000)
  eden space 279616K,   0% used [0x00000000c0000000, 0x00000000c0000000, 0x00000000d1110000)
  from space 34944K,  68% used [0x00000000d3330000, 0x00000000d4a77250, 0x00000000d5550000)
  to   space 34944K,   0% used [0x00000000d1110000, 0x00000000d1110000, 0x00000000d3330000)
 concurrent mark-sweep generation total 699072K, used 5342K [0x00000000d5550000, 0x0000000100000000, 0x0000000100000000)
 Metaspace       used 17768K, capacity 18030K, committed 18432K, reserved 1064960K
  class space    used 2159K, capacity 2249K, committed 2304K, reserved 1048576K
}
Event: 4.399 GC heap before
{Heap before GC invocations=2 (full 2):
 par new generation   total 314560K, used 303452K [0x00000000c0000000, 0x00000000d5550000, 0x00000000d5550000)
  eden space 279616K, 100% used [0x00000000c0000000, 0x00000000d1110000, 0x00000000d1110000)
  from space 34944K,  68% used [0x00000000d3330000, 0x00000000d4a77250, 0x00000000d5550000)
  to   space 34944K,   0% used [0x00000000d1110000, 0x00000000d1110000, 0x00000000d3330000)
 concurrent mark-sweep generation total 699072K, used 2500K [0x00000000d5550000, 0x0000000100000000, 0x0000000100000000)
 Metaspace       used 24327K, capacity 24627K, committed 24960K, reserved 1071104K
  class space    used 3053K, capacity 3116K, committed 3200K, reserved 1048576K
Event: 4.427 GC heap after
Heap after GC invocations=3 (full 2):
 par new generation   total 314560K, used 15727K [0x00000000c0000000, 0x00000000d5550000, 0x00000000d5550000)
  eden space 279616K,   0% used [0x00000000c0000000, 0x00000000c0000000, 0x00000000d1110000)
  from space 34944K,  45% used [0x00000000d1110000, 0x00000000d206be30, 0x00000000d3330000)
  to   space 34944K,   0% used [0x00000000d3330000, 0x00000000d3330000, 0x00000000d5550000)
 concurrent mark-sweep generation total 699072K, used 22726K [0x00000000d5550000, 0x0000000100000000, 0x0000000100000000)
 Metaspace       used 24327K, capacity 24627K, committed 24960K, reserved 1071104K
  class space    used 3053K, capacity 3116K, committed 3200K, reserved 1048576K
}
Event: 6.355 GC heap before
{Heap before GC invocations=3 (full 2):
 par new generation   total 314560K, used 295343K [0x00000000c0000000, 0x00000000d5550000, 0x00000000d5550000)
  eden space 279616K, 100% used [0x00000000c0000000, 0x00000000d1110000, 0x00000000d1110000)
  from space 34944K,  45% used [0x00000000d1110000, 0x00000000d206be30, 0x00000000d3330000)
  to   space 34944K,   0% used [0x00000000d3330000, 0x00000000d3330000, 0x00000000d5550000)
 concurrent mark-sweep generation total 699072K, used 22726K [0x00000000d5550000, 0x0000000100000000, 0x0000000100000000)
 Metaspace       used 24426K, capacity 24691K, committed 24960K, reserved 1071104K
  class space    used 3056K, capacity 3116K, committed 3200K, reserved 1048576K
Event: 6.388 GC heap after
Heap after GC invocations=4 (full 2):
 par new generation   total 314560K, used 34944K [0x00000000c0000000, 0x00000000d5550000, 0x00000000d5550000)
  eden space 279616K,   0% used [0x00000000c0000000, 0x00000000c0000000, 0x00000000d1110000)
  from space 34944K, 100% used [0x00000000d3330000, 0x00000000d5550000, 0x00000000d5550000)
  to   space 34944K,   0% used [0x00000000d1110000, 0x00000000d1110000, 0x00000000d3330000)
 concurrent mark-sweep generation total 699072K, used 51215K [0x00000000d5550000, 0x0000000100000000, 0x0000000100000000)
 Metaspace       used 24426K, capacity 24691K, committed 24960K, reserved 1071104K
  class space    used 3056K, capacity 3116K, committed 3200K, reserved 1048576K
}
Event: 7.817 GC heap before
{Heap before GC invocations=4 (full 3):
 par new generation   total 314560K, used 314560K [0x00000000c0000000, 0x00000000d5550000, 0x00000000d5550000)
  eden space 279616K, 100% used [0x00000000c0000000, 0x00000000d1110000, 0x00000000d1110000)
  from space 34944K, 100% used [0x00000000d3330000, 0x00000000d5550000, 0x00000000d5550000)
  to   space 34944K,   0% used [0x00000000d1110000, 0x00000000d1110000, 0x00000000d3330000)
 concurrent mark-sweep generation total 699072K, used 51215K [0x00000000d5550000, 0x0000000100000000, 0x0000000100000000)
 Metaspace       used 24493K, capacity 24691K, committed 24960K, reserved 1071104K
  class space    used 3057K, capacity 3116K, committed 3200K, reserved 1048576K
Event: 7.872 GC heap after
Heap after GC invocations=5 (full 3):
 par new generation   total 314560K, used 34944K [0x00000000c0000000, 0x00000000d5550000, 0x00000000d5550000)
  eden space 279616K,   0% used [0x00000000c0000000, 0x00000000c0000000, 0x00000000d1110000)
  from space 34944K, 100% used [0x00000000d1110000, 0x00000000d3330000, 0x00000000d3330000)
  to   space 34944K,   0% used [0x00000000d3330000, 0x00000000d3330000, 0x00000000d5550000)
 concurrent mark-sweep generation total 699072K, used 120865K [0x00000000d5550000, 0x0000000100000000, 0x0000000100000000)
 Metaspace       used 24493K, capacity 24691K, committed 24960K, reserved 1071104K
  class space    used 3057K, capacity 3116K, committed 3200K, reserved 1048576K
}
Event: 9.236 GC heap before
{Heap before GC invocations=5 (full 3):
 par new generation   total 314560K, used 314560K [0x00000000c0000000, 0x00000000d5550000, 0x00000000d5550000)
  eden space 279616K, 100% used [0x00000000c0000000, 0x00000000d1110000, 0x00000000d1110000)
  from space 34944K, 100% used [0x00000000d1110000, 0x00000000d3330000, 0x00000000d3330000)
  to   space 34944K,   0% used [0x00000000d3330000, 0x00000000d3330000, 0x00000000d5550000)
 concurrent mark-sweep generation total 699072K, used 120740K [0x00000000d5550000, 0x0000000100000000, 0x0000000100000000)
 Metaspace       used 27121K, capacity 27479K, committed 27904K, reserved 1073152K
  class space    used 3475K, capacity 3572K, committed 3584K, reserved 1048576K
Event: 9.264 GC heap after
Heap after GC invocations=6 (full 3):
 par new generation   total 314560K, used 34944K [0x00000000c0000000, 0x00000000d5550000, 0x00000000d5550000)
  eden space 279616K,   0% used [0x00000000c0000000, 0x00000000c0000000, 0x00000000d1110000)
  from space 34944K, 100% used [0x00000000d3330000, 0x00000000d5550000, 0x00000000d5550000)
  to   space 34944K,   0% used [0x00000000d1110000, 0x00000000d1110000, 0x00000000d3330000)
 concurrent mark-sweep generation total 699072K, used 143793K [0x00000000d5550000, 0x0000000100000000, 0x0000000100000000)
 Metaspace       used 27121K, capacity 27479K, committed 27904K, reserved 1073152K
  class space    used 3475K, capacity 3572K, committed 3584K, reserved 1048576K
}

